<?xml version="1.0" encoding="UTF-8"?>
<testsuite xmlns:xsi="http://www.w3.org/2001/XMLSchema-instance" xsi:noNamespaceSchemaLocation="https://maven.apache.org/surefire/maven-surefire-plugin/xsd/surefire-test-report.xsd" name="TestSuite" time="38.538" tests="12" errors="0" skipped="0" failures="3">
  <properties>
    <property name="sun.desktop" value="windows"/>
    <property name="awt.toolkit" value="sun.awt.windows.WToolkit"/>
    <property name="java.specification.version" value="12"/>
    <property name="sun.cpu.isalist" value="amd64"/>
    <property name="sun.jnu.encoding" value="Cp1251"/>
    <property name="java.class.path" value="D:\TAQC\Algoritm\comsoftserveeducitrusTest\target\test-classes;D:\TAQC\Algoritm\comsoftserveeducitrusTest\target\classes;C:\Users\Арсен\.m2\repository\io\rest-assured\rest-assured\4.0.0\rest-assured-4.0.0.jar;C:\Users\Арсен\.m2\repository\org\codehaus\groovy\groovy\2.5.6\groovy-2.5.6.jar;C:\Users\Арсен\.m2\repository\org\codehaus\groovy\groovy-xml\2.5.6\groovy-xml-2.5.6.jar;C:\Users\Арсен\.m2\repository\org\apache\httpcomponents\httpclient\4.5.3\httpclient-4.5.3.jar;C:\Users\Арсен\.m2\repository\org\apache\httpcomponents\httpcore\4.4.6\httpcore-4.4.6.jar;C:\Users\Арсен\.m2\repository\commons-logging\commons-logging\1.2\commons-logging-1.2.jar;C:\Users\Арсен\.m2\repository\commons-codec\commons-codec\1.9\commons-codec-1.9.jar;C:\Users\Арсен\.m2\repository\org\apache\httpcomponents\httpmime\4.5.3\httpmime-4.5.3.jar;C:\Users\Арсен\.m2\repository\org\hamcrest\hamcrest-core\2.1\hamcrest-core-2.1.jar;C:\Users\Арсен\.m2\repository\org\hamcrest\hamcrest\2.1\hamcrest-2.1.jar;C:\Users\Арсен\.m2\repository\org\hamcrest\hamcrest-library\2.1\hamcrest-library-2.1.jar;C:\Users\Арсен\.m2\repository\org\ccil\cowan\tagsoup\tagsoup\1.2.1\tagsoup-1.2.1.jar;C:\Users\Арсен\.m2\repository\io\rest-assured\json-path\4.0.0\json-path-4.0.0.jar;C:\Users\Арсен\.m2\repository\org\codehaus\groovy\groovy-json\2.5.6\groovy-json-2.5.6.jar;C:\Users\Арсен\.m2\repository\io\rest-assured\rest-assured-common\4.0.0\rest-assured-common-4.0.0.jar;C:\Users\Арсен\.m2\repository\io\rest-assured\xml-path\4.0.0\xml-path-4.0.0.jar;C:\Users\Арсен\.m2\repository\javax\xml\bind\jaxb-api\2.2.12\jaxb-api-2.2.12.jar;C:\Users\Арсен\.m2\repository\com\sun\xml\bind\jaxb-osgi\2.2.10\jaxb-osgi-2.2.10.jar;C:\Users\Арсен\.m2\repository\org\apache\sling\org.apache.sling.javax.activation\0.1.0\org.apache.sling.javax.activation-0.1.0.jar;C:\Users\Арсен\.m2\repository\javax\activation\activation\1.1.1\activation-1.1.1.jar;C:\Users\Арсен\.m2\repository\com\fasterxml\jackson\core\jackson-annotations\2.9.8\jackson-annotations-2.9.8.jar;C:\Users\Арсен\.m2\repository\com\fasterxml\jackson\core\jackson-core\2.9.8\jackson-core-2.9.8.jar;C:\Users\Арсен\.m2\repository\com\fasterxml\jackson\core\jackson-databind\2.9.8\jackson-databind-2.9.8.jar;C:\Users\Арсен\.m2\repository\org\projectlombok\lombok\1.18.8\lombok-1.18.8.jar;C:\Users\Арсен\.m2\repository\org\apache\commons\commons-lang3\3.9\commons-lang3-3.9.jar;C:\Users\Арсен\.m2\repository\org\testng\testng\7.0.0\testng-7.0.0.jar;C:\Users\Арсен\.m2\repository\com\beust\jcommander\1.72\jcommander-1.72.jar;C:\Users\Арсен\.m2\repository\io\qameta\allure\allure-testng\2.12.1\allure-testng-2.12.1.jar;C:\Users\Арсен\.m2\repository\org\slf4j\slf4j-simple\1.7.28\slf4j-simple-1.7.28.jar;C:\Users\Арсен\.m2\repository\org\slf4j\slf4j-api\1.7.28\slf4j-api-1.7.28.jar;C:\Users\Арсен\.m2\repository\io\qameta\allure\allure-java-commons\2.12.1\allure-java-commons-2.12.1.jar;C:\Users\Арсен\.m2\repository\io\qameta\allure\allure-model\2.12.1\allure-model-2.12.1.jar;C:\Users\Арсен\.m2\repository\org\apache\tika\tika-core\1.20\tika-core-1.20.jar;C:\Users\Арсен\.m2\repository\org\jooq\joor-java-8\0.9.10\joor-java-8-0.9.10.jar;C:\Users\Арсен\.m2\repository\log4j\log4j\1.2.17\log4j-1.2.17.jar;"/>
    <property name="java.vm.vendor" value="Oracle Corporation"/>
    <property name="sun.arch.data.model" value="64"/>
    <property name="user.variant" value=""/>
    <property name="java.vendor.url" value="https://java.oracle.com/"/>
    <property name="user.timezone" value="Europe/Kiev"/>
    <property name="os.name" value="Windows 10"/>
    <property name="java.vm.specification.version" value="12"/>
    <property name="sun.java.launcher" value="SUN_STANDARD"/>
    <property name="user.country" value="US"/>
    <property name="sun.boot.library.path" value="C:\Program Files\Java\jdk-12\bin"/>
    <property name="sun.java.command" value="C:\Users\B660~1\AppData\Local\Temp\surefire6699980966152237402\surefirebooter10147603873282278966.jar C:\Users\Арсен\AppData\Local\Temp\surefire6699980966152237402 2019-09-18T15-35-26_871-jvmRun1 surefire9960141573571035178tmp surefire_02306893978448883722tmp"/>
    <property name="jdk.debug" value="release"/>
    <property name="surefire.test.class.path" value="D:\TAQC\Algoritm\comsoftserveeducitrusTest\target\test-classes;D:\TAQC\Algoritm\comsoftserveeducitrusTest\target\classes;C:\Users\Арсен\.m2\repository\io\rest-assured\rest-assured\4.0.0\rest-assured-4.0.0.jar;C:\Users\Арсен\.m2\repository\org\codehaus\groovy\groovy\2.5.6\groovy-2.5.6.jar;C:\Users\Арсен\.m2\repository\org\codehaus\groovy\groovy-xml\2.5.6\groovy-xml-2.5.6.jar;C:\Users\Арсен\.m2\repository\org\apache\httpcomponents\httpclient\4.5.3\httpclient-4.5.3.jar;C:\Users\Арсен\.m2\repository\org\apache\httpcomponents\httpcore\4.4.6\httpcore-4.4.6.jar;C:\Users\Арсен\.m2\repository\commons-logging\commons-logging\1.2\commons-logging-1.2.jar;C:\Users\Арсен\.m2\repository\commons-codec\commons-codec\1.9\commons-codec-1.9.jar;C:\Users\Арсен\.m2\repository\org\apache\httpcomponents\httpmime\4.5.3\httpmime-4.5.3.jar;C:\Users\Арсен\.m2\repository\org\hamcrest\hamcrest-core\2.1\hamcrest-core-2.1.jar;C:\Users\Арсен\.m2\repository\org\hamcrest\hamcrest\2.1\hamcrest-2.1.jar;C:\Users\Арсен\.m2\repository\org\hamcrest\hamcrest-library\2.1\hamcrest-library-2.1.jar;C:\Users\Арсен\.m2\repository\org\ccil\cowan\tagsoup\tagsoup\1.2.1\tagsoup-1.2.1.jar;C:\Users\Арсен\.m2\repository\io\rest-assured\json-path\4.0.0\json-path-4.0.0.jar;C:\Users\Арсен\.m2\repository\org\codehaus\groovy\groovy-json\2.5.6\groovy-json-2.5.6.jar;C:\Users\Арсен\.m2\repository\io\rest-assured\rest-assured-common\4.0.0\rest-assured-common-4.0.0.jar;C:\Users\Арсен\.m2\repository\io\rest-assured\xml-path\4.0.0\xml-path-4.0.0.jar;C:\Users\Арсен\.m2\repository\javax\xml\bind\jaxb-api\2.2.12\jaxb-api-2.2.12.jar;C:\Users\Арсен\.m2\repository\com\sun\xml\bind\jaxb-osgi\2.2.10\jaxb-osgi-2.2.10.jar;C:\Users\Арсен\.m2\repository\org\apache\sling\org.apache.sling.javax.activation\0.1.0\org.apache.sling.javax.activation-0.1.0.jar;C:\Users\Арсен\.m2\repository\javax\activation\activation\1.1.1\activation-1.1.1.jar;C:\Users\Арсен\.m2\repository\com\fasterxml\jackson\core\jackson-annotations\2.9.8\jackson-annotations-2.9.8.jar;C:\Users\Арсен\.m2\repository\com\fasterxml\jackson\core\jackson-core\2.9.8\jackson-core-2.9.8.jar;C:\Users\Арсен\.m2\repository\com\fasterxml\jackson\core\jackson-databind\2.9.8\jackson-databind-2.9.8.jar;C:\Users\Арсен\.m2\repository\org\projectlombok\lombok\1.18.8\lombok-1.18.8.jar;C:\Users\Арсен\.m2\repository\org\apache\commons\commons-lang3\3.9\commons-lang3-3.9.jar;C:\Users\Арсен\.m2\repository\org\testng\testng\7.0.0\testng-7.0.0.jar;C:\Users\Арсен\.m2\repository\com\beust\jcommander\1.72\jcommander-1.72.jar;C:\Users\Арсен\.m2\repository\io\qameta\allure\allure-testng\2.12.1\allure-testng-2.12.1.jar;C:\Users\Арсен\.m2\repository\org\slf4j\slf4j-simple\1.7.28\slf4j-simple-1.7.28.jar;C:\Users\Арсен\.m2\repository\org\slf4j\slf4j-api\1.7.28\slf4j-api-1.7.28.jar;C:\Users\Арсен\.m2\repository\io\qameta\allure\allure-java-commons\2.12.1\allure-java-commons-2.12.1.jar;C:\Users\Арсен\.m2\repository\io\qameta\allure\allure-model\2.12.1\allure-model-2.12.1.jar;C:\Users\Арсен\.m2\repository\org\apache\tika\tika-core\1.20\tika-core-1.20.jar;C:\Users\Арсен\.m2\repository\org\jooq\joor-java-8\0.9.10\joor-java-8-0.9.10.jar;C:\Users\Арсен\.m2\repository\log4j\log4j\1.2.17\log4j-1.2.17.jar;"/>
    <property name="sun.cpu.endian" value="little"/>
    <property name="user.home" value="C:\Users\Арсен"/>
    <property name="user.language" value="en"/>
    <property name="java.specification.vendor" value="Oracle Corporation"/>
    <property name="java.version.date" value="2019-03-19"/>
    <property name="java.home" value="C:\Program Files\Java\jdk-12"/>
    <property name="file.separator" value="\"/>
    <property name="basedir" value="D:\TAQC\Algoritm\comsoftserveeducitrusTest"/>
    <property name="java.vm.compressedOopsMode" value="32-bit"/>
    <property name="line.separator" value="&#10;"/>
    <property name="java.vm.specification.vendor" value="Oracle Corporation"/>
    <property name="java.specification.name" value="Java Platform API Specification"/>
    <property name="java.awt.graphicsenv" value="sun.awt.Win32GraphicsEnvironment"/>
    <property name="surefire.real.class.path" value="C:\Users\B660~1\AppData\Local\Temp\surefire6699980966152237402\surefirebooter10147603873282278966.jar"/>
    <property name="user.script" value=""/>
    <property name="sun.management.compiler" value="HotSpot 64-Bit Tiered Compilers"/>
    <property name="java.runtime.version" value="12+33"/>
    <property name="user.name" value="Арсен"/>
    <property name="path.separator" value=";"/>
    <property name="os.version" value="10.0"/>
    <property name="java.runtime.name" value="Java(TM) SE Runtime Environment"/>
    <property name="file.encoding" value="Cp1252"/>
    <property name="java.vm.name" value="Java HotSpot(TM) 64-Bit Server VM"/>
    <property name="localRepository" value="C:\Users\Арсен\.m2\repository"/>
    <property name="java.vendor.url.bug" value="https://bugreport.java.com/bugreport/"/>
    <property name="java.io.tmpdir" value="C:\Users\B660~1\AppData\Local\Temp\"/>
    <property name="java.version" value="12"/>
    <property name="user.dir" value="D:\TAQC\Algoritm\comsoftserveeducitrusTest"/>
    <property name="os.arch" value="amd64"/>
    <property name="java.vm.specification.name" value="Java Virtual Machine Specification"/>
    <property name="sun.os.patch.level" value=""/>
    <property name="java.library.path" value="C:\Program Files\Java\jdk-12\bin;C:\Windows\Sun\Java\bin;C:\Windows\system32;C:\Windows;C:\Program Files (x86)\Common Files\Oracle\Java\javapath;C:\ProgramData\Oracle\Java\javapath;C:\Windows\system32;C:\Windows;C:\Windows\System32\Wbem;C:\Windows\System32\WindowsPowerShell\v1.0\;D:\TDM-CSS\bin;C:\Program Files\Git\cmd;C:\Program Files\Microsoft SQL Server\Client SDK\ODBC\130\Tools\Binn\;C:\Program Files (x86)\Microsoft SQL Server\140\Tools\Binn\;C:\Program Files\Microsoft SQL Server\140\Tools\Binn\;C:\Program Files\Microsoft SQL Server\140\DTS\Binn\;C:\Program Files\Java\jdk-12\bin\;D:\Maven\bin\;C:\Program Files\nodejs\;D:\curl\curl-7.65.3-win64-mingw\bin;D:\Putty\;C:\Program Files\Allure-commandline\allure-2.10.0\bin;C:\Users\Арсен\scoop\shims;D:\Пітон\Scripts\;D:\Пітон\;C:\Users\Арсен\AppData\Local\Microsoft\WindowsApps;C:\Users\Арсен\AppData\Local\atom\bin;C:\Users\Арсен\AppData\Local\GitHubDesktop\bin;D:\PyCharm\PyCharm Community Edition 2018.3.4\bin;;C:\Users\Арсен\AppData\Roaming\npm;."/>
    <property name="java.vm.info" value="mixed mode, sharing"/>
    <property name="java.vendor" value="Oracle Corporation"/>
    <property name="java.vm.version" value="12+33"/>
    <property name="sun.io.unicode.encoding" value="UnicodeLittle"/>
    <property name="java.class.version" value="56.0"/>
  </properties>
  <testcase name="loginExistUser" classname="UserTest" time="11.299">
    <failure message="Cannot parse object because no supported Content-Type was specified in response. Content-Type was &apos;text/html; charset=UTF-8&apos;." type="java.lang.IllegalStateException">java.lang.IllegalStateException: Cannot parse object because no supported Content-Type was specified in response. Content-Type was 'text/html; charset=UTF-8'.
	at UserTest.loginExistUser(UserTest.java:38)
</failure>
    <system-out><![CDATA[[TestNGContentHandler] [WARN] It is strongly recommended to add "<!DOCTYPE suite SYSTEM "https://testng.org/testng-1.0.dtd" >" at the top of your file, otherwise TestNG may fail or not work as expected.
2019-09-18 15:35:31 INFO  Listener:23 - Tets loginExistUser starts
HTTP/1.1 404 Not Found
Date: Wed, 18 Sep 2019 12:35:59 GMT
Content-Type: text/html; charset=UTF-8
Transfer-Encoding: chunked
Connection: keep-alive
Set-Cookie: __cfduid=d3964e1313954be072ec90d99015c134b1568810159; expires=Thu, 17-Sep-20 12:35:59 GMT; path=/; domain=.citrus.ua; HttpOnly; Secure
Vary: Accept-Encoding
Cache-Control: no-cache, private
Set-Cookie: XSRF-TOKEN=eyJpdiI6IldiNzhjMVVKam4rM1NKQVpzV3VKNlE9PSIsInZhbHVlIjoiOGc0UlZLalk3MmNvMmpcL09FQkplSTZPczM4REVXUGszQk81OTVwZ0xNQmcwWE5VVHBPQ3J0WFFCUDlDenIzR00xU3BvM3JCSTF6WXc4TENBaUJ4ZTRRPT0iLCJtYWMiOiJmNzhhNjBiMTgxYTdhMjM0NTAxMmJiMDhjYmNhNjkxODg2YjFmMTFiOTQyMjU0ZmEzNGI2MmNjZWRmYWFkM2JhIn0%3D; expires=Wed, 18-Sep-2019 14:35:59 GMT; Max-Age=7200; path=/
set-cookie: laravel_session=eyJpdiI6ImdsWVREUUhJTDBqZGs1aHRKdGVpVlE9PSIsInZhbHVlIjoiOE9HR3BnUGppb0gzVEpCQmhiZVp4eWtZSnB4S3NCZmd1UFRsZHpzWHp4U2ZTQ1BMbVwvMUgzTFhhQm4yUkU5SWtmeGxiK1NYQkxQUlJVaTQ2UHRoS2dnPT0iLCJtYWMiOiIxMmVmM2UwN2RjNjBjMjM1MGY4MjY0ODU0YTgxMWE2MTYwOTViNGQ4NmVlMDQ2MjFlMTIyNjcyZGFhZGQ3M2RjIn0%3D; path=/; httponly
Expect-CT: max-age=604800, report-uri="https://report-uri.cloudflare.com/cdn-cgi/beacon/expect-ct"
Server: cloudflare
CF-RAY: 51835ce66d3dad18-OTP
Content-Encoding: gzip

<html lang="ru">
  <head>
    <meta charset="UTF-8"/>
    <meta http-equiv="X-UA-Compatible" content="IE=edge"/>
    <meta name="keywords" content=""/>
    <meta name="description" content=""/>
    <meta name="viewport" content="width=device-width, initial-scale=1"/>
    <title>404 Error</title>
    <link href="https://fonts.googleapis.com/css?family=Ubuntu:300,400" rel="stylesheet"/>
    <link rel="stylesheet" type="text/css" href="https://my.citrus.ua/css/page-404/main.css?1568797403"/>
  </head>
  <body>
    <div class="Error404">
      <div class="errorWrapper">
        <div class="topMenu">
          <ul class="mainMenu">
            <li class="menuItem">
              <a shape="rect" href="">
                <img class="logoError" src="https://my.citrus.ua/img/page-404/logo_citrus.svg" onerror="this.onerror=null; this.src='https://my.citrus.ua/img/page-404/logo_citrus.png'"/>
              </a>
            </li>
            <li class="menuItem">
              <div class="description">???????? ?????:</div>
              <div class="description">
                <a shape="rect" class="telNum" href="tel:0800207020">0 800 20 70 20</a>
              </div>
            </li>
            <li class="menuItem">
              <div class="description">?????? ????????? ????????</div>
              <div class="description">
                <a shape="rect" class="telNum" href="tel:0800207030">0 800 20 70 30</a>
              </div>
            </li>
            <li class="menuItem">
              <div class="description">?????? ??????</div>
              <div class="description">
                <a shape="rect" class="telNum" href="tel:08002000170">0 800 2000 170</a>
              </div>
            </li>
          </ul>
        </div>
        <div class="errorContainer">
          <div class="containerWithPadding">
            <div class="mainContainerForError">
              <div class="errorContent">
                <img class="number1" src="https://my.citrus.ua/img/page-404/four.svg" onerror="this.onerror=null; this.src='https://my.citrus.ua/img/page-404/four.png'"/>
                <img class="errorImage" src="https://my.citrus.ua/uploads/errorpage/a99def27f586502106fb9e58cead5a79.png" alt="Number 4"/>
                <img class="number2" src="https://my.citrus.ua/img/page-404/four.svg" onerror="this.onerror=null; this.src='https://my.citrus.ua/img/page-404/four.png'"/>
              </div>
            </div>
          </div>
        </div>
        <div class="about">
          <p>
????????????? ???????? ?? ??????????.
</p>
          <p class="errorName">
??????????
</p>
          <p class="proposal"/>
          <p>
????????? ????? ???????? ? ?????, ??????? ????? ??????? ??             <a shape="rect" href="">????-?????? </a>
          </p>
        </div>
      </div>
    </div>
  </body>
</html>
io.restassured.internal.RestAssuredResponseImpl@7d980af6
2019-09-18 15:35:42 ERROR Listener:42 - Test loginExistUser failed
]]></system-out>
  </testcase>
  <testcase name="loginNotExistUser" classname="UserTest" time="0.465"/>
  <testcase name="registerEmptyUser" classname="UserTest" time="0.585"/>
  <testcase name="registerTest" classname="UserTest" time="3.298"/>
  <testcase name="registerUserWithDigitName" classname="UserTest" time="3.131">
    <failure type="java.lang.NullPointerException">java.lang.NullPointerException
	at UserTest.registerUserWithDigitName(UserTest.java:48)
</failure>
    <system-out><![CDATA[2019-09-18 15:35:46 INFO  Listener:23 - Tets registerUserWithDigitName starts
2019-09-18 15:35:50 ERROR Listener:42 - Test registerUserWithDigitName failed
]]></system-out>
  </testcase>
  <testcase name="registerUserWithEmailOnly" classname="UserTest" time="0.631"/>
  <testcase name="registerUserWithInvalidPhoneNumber" classname="UserTest" time="0.645"/>
  <testcase name="registerUserWithMetaSymbolName" classname="UserTest" time="2.895">
    <failure type="java.lang.NullPointerException">java.lang.NullPointerException
	at UserTest.registerUserWithMetaSymbolName(UserTest.java:53)
</failure>
    <system-out><![CDATA[2019-09-18 15:35:51 INFO  Listener:23 - Tets registerUserWithMetaSymbolName starts
2019-09-18 15:35:54 ERROR Listener:42 - Test registerUserWithMetaSymbolName failed
]]></system-out>
  </testcase>
  <testcase name="registerUserWithNotConfirmPassword" classname="UserTest" time="0.666"/>
  <testcase name="addProductToCartTest" classname="ProductTest" time="10.731"/>
  <testcase name="deleteNotExistProduct" classname="ProductTest" time="0.582"/>
  <testcase name="getIphoneListTest" classname="ProductTest" time="0.454"/>
</testsuite>