<?xml version="1.0" encoding="UTF-8"?>
<!-- Generated by org.testng.reporters.JUnitReportReporter -->
<testsuite hostname="DESKTOP-38MES30" failures="0" tests="3" name="ProductTest" time="11.466" errors="0" timestamp="2019-09-18T15:36:07 EEST" skipped="0">
  <testcase classname="ProductTest" name="deleteNotExistProduct" time="0.514"/>
  <testcase classname="ProductTest" name="addProductToCartTest" time="10.628"/>
  <testcase classname="ProductTest" name="getIphoneListTest" time="0.324"/>
</testsuite> <!-- ProductTest -->
